
ROM used:   88/8192 (1%)
            88/8192 (1%) including unused fragments

            0.1 Average locations per line
            5.9 Average locations per statement

RAM used:   6/368 (2%) at main() level
            7/368 (2%) worst case

Stack used: 1 worst case (1 in main + 0 for interrupts)
Stack size: 8

Lines Stmts  %   Files
----- ----- ---  -----
   38    15 100  led.c
   10     0   0  led.h
  661     0   0  ..\..\..\..\..\Program Files (x86)\PICC\Devices\16F877A.h
----- -----
  709    15 Total

Page ROM  %  RAM   Vol Diff  Functions:
---- --- --- ---   --- ----  ----------
0     21  24    1             @delay_ms1
0     63  72    1   293  2.8  main
 Inline         0   315  5.9  @cinit1

Program metrics:
    Functions               2
    Statements              15
    Comments                131
    Volume (V)              728
    Difficulty (D)          8.3
    Effort to implement (E) 6076
    Time to implement (T)   6 minutes
    Est Delivered Bugs (B)  0
    Cyclomatic Complexity   4
    Maintainability (MI)    106

 Segment     Used  Free
-----------  ----  ----
00000-00003     4  0  
00004-007FF    84  1960  
00800-00FFF     0  2048  
01000-017FF     0  2048  
01800-01FFF     0  2048  



